<?xml version="1.0" encoding="UTF-8"?>
<!-- Generated by org.testng.reporters.JUnitReportReporter -->
<testsuite skipped="0" hostname="Pune-Laptop37" name="com.automation.testCases.LoginTestBank" tests="1" failures="0" timestamp="03 Dec 2019 16:37:18 GMT" time="14.556" errors="0">
  <testcase name="loginApp" time="14.556" classname="com.automation.testCases.LoginTestBank"/>
</testsuite> <!-- com.automation.testCases.LoginTestBank -->
