<?xml version="1.0" encoding="UTF-8"?>
<!-- Generated by org.testng.reporters.JUnitReportReporter -->
<testsuite skipped="0" hostname="Pune-Laptop37" name="com.automation.testCases.LoginTestBank" tests="1" failures="0" timestamp="17 Nov 2019 04:49:24 GMT" time="4.660" errors="0">
  <testcase name="loginApp" time="4.660" classname="com.automation.testCases.LoginTestBank"/>
</testsuite> <!-- com.automation.testCases.LoginTestBank -->
